<?xml version="1.0" encoding="UTF-8"?>
<!-- Generated by org.testng.reporters.JUnitReportReporter -->
<testsuite name="testcases.TC001_LoginAndLogout" tests="2" time="17.840" ignored="3" failures="0" timestamp="03 May 2018 02:27:25 GMT" skipped="0" hostname="MININT-4TFOG96" errors="0">
  <testcase name="loginAndLogout" time="9.695" classname="testcases.TC001_LoginAndLogout"/>
  <testcase name="loginAndLogout" time="8.145" classname="testcases.TC001_LoginAndLogout"/>
  <testcase name="afterTest" classname="wdMethods.ProjectMethods">
    <skipped/>
  </testcase> <!-- afterTest -->
  <testcase name="beforeSuite" classname="wdMethods.ProjectMethods">
    <skipped/>
  </testcase> <!-- beforeSuite -->
  <testcase name="afterSuite" classname="wdMethods.ProjectMethods">
    <skipped/>
  </testcase> <!-- afterSuite -->
</testsuite> <!-- testcases.TC001_LoginAndLogout -->
