<?xml version="1.0" encoding="UTF-8"?>
<!-- Generated by org.testng.reporters.JUnitReportReporter -->
<testsuite ignored="0" hostname="DESKTOP-QM6IKUM" failures="0" tests="1" name="RunnerCukes.RunnerTest" time="0.011" errors="0" timestamp="10 Sep 2021 13:57:11 GMT" skipped="0">
  <testcase classname="RunnerCukes.RunnerTest" name="f" time="0.011"/>
</testsuite> <!-- RunnerCukes.RunnerTest -->
