<?xml version="1.0" encoding="UTF-8"?>
<!-- Generated by org.testng.reporters.JUnitReportReporter -->
<testsuite ignored="3" hostname="DESKTOP-QM6IKUM" failures="0" tests="1" name="testcases.TC003_CreateLead" time="0.000" errors="1" timestamp="12 Sep 2021 12:44:02 GMT" skipped="0">
  <testcase classname="testcases.TC003_CreateLead" name="CreateLead" time="0.000">
    <error message="
Data Provider public java.lang.Object[][] wdMethods.ProjectMethods.getData() must return either Object[][] or Iterator&lt;Object&gt;[], not class [[Ljava.lang.Object;" type="org.testng.TestNGException">
      <![CDATA[org.testng.TestNGException: 
Data Provider public java.lang.Object[][] wdMethods.ProjectMethods.getData() must return either Object[][] or Iterator<Object>[], not class [[Ljava.lang.Object;
	at org.testng.internal.MethodInvocationHelper.invokeDataProvider(MethodInvocationHelper.java:133)
	at org.testng.internal.Parameters.handleParameters(Parameters.java:509)
	at org.testng.internal.Invoker.handleParameters(Invoker.java:1293)
	at org.testng.internal.Invoker.createParameters(Invoker.java:1020)
	at org.testng.internal.Invoker.invokeTestMethods(Invoker.java:1110)
	at org.testng.internal.TestMethodWorker.invokeTestMethods(TestMethodWorker.java:129)
	at org.testng.internal.TestMethodWorker.run(TestMethodWorker.java:112)
	at java.base/java.util.concurrent.ThreadPoolExecutor.runWorker(ThreadPoolExecutor.java:1128)
	at java.base/java.util.concurrent.ThreadPoolExecutor$Worker.run(ThreadPoolExecutor.java:628)
	at java.base/java.lang.Thread.run(Thread.java:834)
]]>
    </error>
  </testcase> <!-- CreateLead -->
  <testcase classname="wdMethods.ProjectMethods" name="afterTest">
    <skipped/>
  </testcase> <!-- afterTest -->
  <testcase classname="wdMethods.ProjectMethods" name="beforeSuite">
    <skipped/>
  </testcase> <!-- beforeSuite -->
  <testcase classname="wdMethods.ProjectMethods" name="afterSuite">
    <skipped/>
  </testcase> <!-- afterSuite -->
</testsuite> <!-- testcases.TC003_CreateLead -->
